<?xml version="1.0" encoding="UTF-8"?>
<robot generator="Robot 4.1.3 (Python 3.8.1 on win32)" generated="20231129 19:01:42.112" rpa="false" schemaversion="2">
<suite id="s1" name="Negatif &amp; negatifLogin &amp; Positif &amp; positifLogin">
<suite id="s1-s1" name="Negatif" source="D:\BRICK\TestCases\negatif.robot">
<test id="s1-s1-t1" name="Negatif All Mandatory">
<kw name="Start" library="browser" type="SETUP">
<kw name="Open Browser" library="SeleniumLibrary">
<arg>https://qademo.onebrick.io/</arg>
<arg>chrome</arg>
<doc>Opens a new browser instance to the optional ``url``.</doc>
<msg timestamp="20231129 19:01:42.542" level="INFO">Opening browser 'chrome' to base url 'https://qademo.onebrick.io/'.</msg>
<status status="PASS" starttime="20231129 19:01:42.541" endtime="20231129 19:01:45.031"/>
</kw>
<kw name="Set Selenium Speed" library="SeleniumLibrary">
<arg>0.3</arg>
<doc>Sets the delay that is waited after each Selenium command.</doc>
<status status="PASS" starttime="20231129 19:01:45.031" endtime="20231129 19:01:45.032"/>
</kw>
<kw name="Reload Page" library="SeleniumLibrary">
<doc>Simulates user reloading page.</doc>
<status status="PASS" starttime="20231129 19:01:45.033" endtime="20231129 19:01:45.481"/>
</kw>
<kw name="Maximize Browser Window" library="SeleniumLibrary">
<doc>Maximizes current browser window.</doc>
<status status="PASS" starttime="20231129 19:01:45.482" endtime="20231129 19:01:45.930"/>
</kw>
<status status="PASS" starttime="20231129 19:01:42.540" endtime="20231129 19:01:45.931"/>
</kw>
<kw name="Click Register" library="register">
<kw name="Click Button" library="SeleniumLibrary">
<arg>${btnregister}</arg>
<doc>Clicks the button identified by ``locator``.</doc>
<msg timestamp="20231129 19:01:45.933" level="INFO">Clicking button 'register'.</msg>
<status status="PASS" starttime="20231129 19:01:45.933" endtime="20231129 19:01:47.084"/>
</kw>
<status status="PASS" starttime="20231129 19:01:45.932" endtime="20231129 19:01:47.084"/>
</kw>
<kw name="Sleep" library="BuiltIn">
<arg>${timer}</arg>
<doc>Pauses the test executed for the given time.</doc>
<msg timestamp="20231129 19:01:52.086" level="INFO">Slept 5 seconds</msg>
<status status="PASS" starttime="20231129 19:01:47.085" endtime="20231129 19:01:52.086"/>
</kw>
<kw name="Element Text Should Be" library="SeleniumLibrary">
<arg>${erorfname}</arg>
<arg>Please enter a firstname</arg>
<doc>Verifies that element ``locator`` contains exact the text ``expected``.</doc>
<msg timestamp="20231129 19:01:52.089" level="INFO">Verifying element 'firstName-error' contains exact text 'Please enter a firstname'.</msg>
<status status="PASS" starttime="20231129 19:01:52.088" endtime="20231129 19:01:52.771"/>
</kw>
<kw name="Element Text Should Be" library="SeleniumLibrary">
<arg>${erorlname}</arg>
<arg>Please enter a lastname</arg>
<doc>Verifies that element ``locator`` contains exact the text ``expected``.</doc>
<msg timestamp="20231129 19:01:52.773" level="INFO">Verifying element 'lastName-error' contains exact text 'Please enter a lastname'.</msg>
<status status="PASS" starttime="20231129 19:01:52.772" endtime="20231129 19:01:53.453"/>
</kw>
<kw name="Element Text Should Be" library="SeleniumLibrary">
<arg>${erormail}</arg>
<arg>Please provide an email</arg>
<doc>Verifies that element ``locator`` contains exact the text ``expected``.</doc>
<msg timestamp="20231129 19:01:53.455" level="INFO">Verifying element 'email-error' contains exact text 'Please provide an email'.</msg>
<status status="PASS" starttime="20231129 19:01:53.454" endtime="20231129 19:01:54.125"/>
</kw>
<kw name="Element Text Should Be" library="SeleniumLibrary">
<arg>${erorpaswd}</arg>
<arg>Please enter a password</arg>
<doc>Verifies that element ``locator`` contains exact the text ``expected``.</doc>
<msg timestamp="20231129 19:01:54.127" level="INFO">Verifying element 'password-error' contains exact text 'Please enter a password'.</msg>
<status status="PASS" starttime="20231129 19:01:54.125" endtime="20231129 19:01:54.794"/>
</kw>
<kw name="Element Text Should Be" library="SeleniumLibrary">
<arg>${erorconfpaswd}</arg>
<arg>Please enter a password</arg>
<doc>Verifies that element ``locator`` contains exact the text ``expected``.</doc>
<msg timestamp="20231129 19:01:54.797" level="INFO">Verifying element 'confirm_password-error' contains exact text 'Please enter a password'.</msg>
<status status="PASS" starttime="20231129 19:01:54.796" endtime="20231129 19:01:55.466"/>
</kw>
<kw name="Finish" library="browser" type="TEARDOWN">
<kw name="Close Browser" library="SeleniumLibrary">
<doc>Closes the current browser.</doc>
<status status="PASS" starttime="20231129 19:01:55.469" endtime="20231129 19:01:57.937"/>
</kw>
<status status="PASS" starttime="20231129 19:01:55.468" endtime="20231129 19:01:57.937"/>
</kw>
<status status="PASS" starttime="20231129 19:01:42.540" endtime="20231129 19:01:57.938"/>
</test>
<test id="s1-s1-t2" name="Negatif password &lt; 6 character">
<kw name="Start" library="browser" type="SETUP">
<kw name="Open Browser" library="SeleniumLibrary">
<arg>https://qademo.onebrick.io/</arg>
<arg>chrome</arg>
<doc>Opens a new browser instance to the optional ``url``.</doc>
<msg timestamp="20231129 19:01:57.943" level="INFO">Opening browser 'chrome' to base url 'https://qademo.onebrick.io/'.</msg>
<status status="PASS" starttime="20231129 19:01:57.943" endtime="20231129 19:02:00.871"/>
</kw>
<kw name="Set Selenium Speed" library="SeleniumLibrary">
<arg>0.3</arg>
<doc>Sets the delay that is waited after each Selenium command.</doc>
<status status="PASS" starttime="20231129 19:02:00.872" endtime="20231129 19:02:00.873"/>
</kw>
<kw name="Reload Page" library="SeleniumLibrary">
<doc>Simulates user reloading page.</doc>
<status status="PASS" starttime="20231129 19:02:00.873" endtime="20231129 19:02:01.294"/>
</kw>
<kw name="Maximize Browser Window" library="SeleniumLibrary">
<doc>Maximizes current browser window.</doc>
<status status="PASS" starttime="20231129 19:02:01.295" endtime="20231129 19:02:01.730"/>
</kw>
<status status="PASS" starttime="20231129 19:01:57.942" endtime="20231129 19:02:01.731"/>
</kw>
<kw name="Input firstname" library="register">
<arg>${firstname}</arg>
<kw name="Input Text" library="SeleniumLibrary">
<arg>${fname}</arg>
<arg>${firstname}</arg>
<doc>Types the given ``text`` into the text field identified by ``locator``.</doc>
<msg timestamp="20231129 19:02:01.734" level="INFO">Typing text 'umah' into text field 'firstName'.</msg>
<status status="PASS" starttime="20231129 19:02:01.733" endtime="20231129 19:02:02.899"/>
</kw>
<status status="PASS" starttime="20231129 19:02:01.732" endtime="20231129 19:02:02.900"/>
</kw>
<kw name="Input lastname" library="register">
<arg>${lastname}</arg>
<kw name="Input Text" library="SeleniumLibrary">
<arg>${lname}</arg>
<arg>${lastname}</arg>
<doc>Types the given ``text`` into the text field identified by ``locator``.</doc>
<msg timestamp="20231129 19:02:02.903" level="INFO">Typing text 'riyah' into text field 'lastName'.</msg>
<status status="PASS" starttime="20231129 19:02:02.902" endtime="20231129 19:02:04.083"/>
</kw>
<status status="PASS" starttime="20231129 19:02:02.900" endtime="20231129 19:02:04.084"/>
</kw>
<kw name="Input email" library="register">
<arg>${email}</arg>
<kw name="Input Text" library="SeleniumLibrary">
<arg>${mail}</arg>
<arg>${email}</arg>
<doc>Types the given ``text`` into the text field identified by ``locator``.</doc>
<msg timestamp="20231129 19:02:04.088" level="INFO">Typing text 'riyah@gmail.com' into text field 'email'.</msg>
<status status="PASS" starttime="20231129 19:02:04.087" endtime="20231129 19:02:05.285"/>
</kw>
<status status="PASS" starttime="20231129 19:02:04.085" endtime="20231129 19:02:05.286"/>
</kw>
<kw name="Input phonenumber" library="register">
<arg>${phonenumber}</arg>
<kw name="Input Text" library="SeleniumLibrary">
<arg>${phnumber}</arg>
<arg>${phonenumber}</arg>
<doc>Types the given ``text`` into the text field identified by ``locator``.</doc>
<msg timestamp="20231129 19:02:05.289" level="INFO">Typing text '5712897100' into text field 'phoneNumber'.</msg>
<status status="PASS" starttime="20231129 19:02:05.288" endtime="20231129 19:02:06.508"/>
</kw>
<status status="PASS" starttime="20231129 19:02:05.287" endtime="20231129 19:02:06.509"/>
</kw>
<kw name="Input address" library="register">
<arg>${addres}</arg>
<kw name="Input Text" library="SeleniumLibrary">
<arg>${adres}</arg>
<arg>${address}</arg>
<doc>Types the given ``text`` into the text field identified by ``locator``.</doc>
<msg timestamp="20231129 19:02:06.513" level="INFO">Typing text 'Jl.besar no 4' into text field 'address'.</msg>
<status status="PASS" starttime="20231129 19:02:06.511" endtime="20231129 19:02:07.644"/>
</kw>
<status status="PASS" starttime="20231129 19:02:06.510" endtime="20231129 19:02:07.644"/>
</kw>
<kw name="Input password" library="register">
<arg>${password}</arg>
<kw name="Input Text" library="SeleniumLibrary">
<arg>${paswd}</arg>
<arg>${password}</arg>
<doc>Types the given ``text`` into the text field identified by ``locator``.</doc>
<msg timestamp="20231129 19:02:07.648" level="INFO">Typing text '123' into text field 'password'.</msg>
<status status="PASS" starttime="20231129 19:02:07.647" endtime="20231129 19:02:08.765"/>
</kw>
<status status="PASS" starttime="20231129 19:02:07.646" endtime="20231129 19:02:08.766"/>
</kw>
<kw name="Click Register" library="register">
<kw name="Click Button" library="SeleniumLibrary">
<arg>${btnregister}</arg>
<doc>Clicks the button identified by ``locator``.</doc>
<msg timestamp="20231129 19:02:08.768" level="INFO">Clicking button 'register'.</msg>
<status status="PASS" starttime="20231129 19:02:08.767" endtime="20231129 19:02:09.828"/>
</kw>
<status status="PASS" starttime="20231129 19:02:08.767" endtime="20231129 19:02:09.829"/>
</kw>
<kw name="Element Text Should Be" library="SeleniumLibrary">
<arg>${erorpaswd}</arg>
<arg>Please enter at least 6 characters.</arg>
<doc>Verifies that element ``locator`` contains exact the text ``expected``.</doc>
<msg timestamp="20231129 19:02:09.831" level="INFO">Verifying element 'password-error' contains exact text 'Please enter at least 6 characters.'.</msg>
<status status="PASS" starttime="20231129 19:02:09.830" endtime="20231129 19:02:10.516"/>
</kw>
<kw name="Finish" library="browser" type="TEARDOWN">
<kw name="Close Browser" library="SeleniumLibrary">
<doc>Closes the current browser.</doc>
<status status="PASS" starttime="20231129 19:02:10.518" endtime="20231129 19:02:13.024"/>
</kw>
<status status="PASS" starttime="20231129 19:02:10.518" endtime="20231129 19:02:13.025"/>
</kw>
<status status="PASS" starttime="20231129 19:01:57.940" endtime="20231129 19:02:13.026"/>
</test>
<test id="s1-s1-t3" name="Negatif confirm passwd not match">
<kw name="Start" library="browser" type="SETUP">
<kw name="Open Browser" library="SeleniumLibrary">
<arg>https://qademo.onebrick.io/</arg>
<arg>chrome</arg>
<doc>Opens a new browser instance to the optional ``url``.</doc>
<msg timestamp="20231129 19:02:13.033" level="INFO">Opening browser 'chrome' to base url 'https://qademo.onebrick.io/'.</msg>
<status status="PASS" starttime="20231129 19:02:13.032" endtime="20231129 19:02:16.133"/>
</kw>
<kw name="Set Selenium Speed" library="SeleniumLibrary">
<arg>0.3</arg>
<doc>Sets the delay that is waited after each Selenium command.</doc>
<status status="PASS" starttime="20231129 19:02:16.134" endtime="20231129 19:02:16.135"/>
</kw>
<kw name="Reload Page" library="SeleniumLibrary">
<doc>Simulates user reloading page.</doc>
<status status="PASS" starttime="20231129 19:02:16.135" endtime="20231129 19:02:16.534"/>
</kw>
<kw name="Maximize Browser Window" library="SeleniumLibrary">
<doc>Maximizes current browser window.</doc>
<status status="PASS" starttime="20231129 19:02:16.535" endtime="20231129 19:02:16.985"/>
</kw>
<status status="PASS" starttime="20231129 19:02:13.030" endtime="20231129 19:02:16.985"/>
</kw>
<kw name="Input firstname" library="register">
<arg>${firstname}</arg>
<kw name="Input Text" library="SeleniumLibrary">
<arg>${fname}</arg>
<arg>${firstname}</arg>
<doc>Types the given ``text`` into the text field identified by ``locator``.</doc>
<msg timestamp="20231129 19:02:16.988" level="INFO">Typing text 'umah' into text field 'firstName'.</msg>
<status status="PASS" starttime="20231129 19:02:16.987" endtime="20231129 19:02:18.151"/>
</kw>
<status status="PASS" starttime="20231129 19:02:16.986" endtime="20231129 19:02:18.151"/>
</kw>
<kw name="Input lastname" library="register">
<arg>${lastname}</arg>
<kw name="Input Text" library="SeleniumLibrary">
<arg>${lname}</arg>
<arg>${lastname}</arg>
<doc>Types the given ``text`` into the text field identified by ``locator``.</doc>
<msg timestamp="20231129 19:02:18.155" level="INFO">Typing text 'riyah' into text field 'lastName'.</msg>
<status status="PASS" starttime="20231129 19:02:18.154" endtime="20231129 19:02:19.364"/>
</kw>
<status status="PASS" starttime="20231129 19:02:18.152" endtime="20231129 19:02:19.365"/>
</kw>
<kw name="Input email" library="register">
<arg>${email}</arg>
<kw name="Input Text" library="SeleniumLibrary">
<arg>${mail}</arg>
<arg>${email}</arg>
<doc>Types the given ``text`` into the text field identified by ``locator``.</doc>
<msg timestamp="20231129 19:02:19.370" level="INFO">Typing text 'riyah@gmail.com' into text field 'email'.</msg>
<status status="PASS" starttime="20231129 19:02:19.369" endtime="20231129 19:02:20.461"/>
</kw>
<status status="PASS" starttime="20231129 19:02:19.367" endtime="20231129 19:02:20.463"/>
</kw>
<kw name="Input phonenumber" library="register">
<arg>${phonenumber}</arg>
<kw name="Input Text" library="SeleniumLibrary">
<arg>${phnumber}</arg>
<arg>${phonenumber}</arg>
<doc>Types the given ``text`` into the text field identified by ``locator``.</doc>
<msg timestamp="20231129 19:02:20.471" level="INFO">Typing text '5712897100' into text field 'phoneNumber'.</msg>
<status status="PASS" starttime="20231129 19:02:20.470" endtime="20231129 19:02:21.631"/>
</kw>
<status status="PASS" starttime="20231129 19:02:20.468" endtime="20231129 19:02:21.632"/>
</kw>
<kw name="Input address" library="register">
<arg>${addres}</arg>
<kw name="Input Text" library="SeleniumLibrary">
<arg>${adres}</arg>
<arg>${address}</arg>
<doc>Types the given ``text`` into the text field identified by ``locator``.</doc>
<msg timestamp="20231129 19:02:21.636" level="INFO">Typing text 'Jl.besar no 4' into text field 'address'.</msg>
<status status="PASS" starttime="20231129 19:02:21.635" endtime="20231129 19:02:22.749"/>
</kw>
<status status="PASS" starttime="20231129 19:02:21.633" endtime="20231129 19:02:22.749"/>
</kw>
<kw name="Input password" library="register">
<arg>${password6}</arg>
<kw name="Input Text" library="SeleniumLibrary">
<arg>${paswd}</arg>
<arg>${password}</arg>
<doc>Types the given ``text`` into the text field identified by ``locator``.</doc>
<msg timestamp="20231129 19:02:22.753" level="INFO">Typing text '123456' into text field 'password'.</msg>
<status status="PASS" starttime="20231129 19:02:22.752" endtime="20231129 19:02:23.900"/>
</kw>
<status status="PASS" starttime="20231129 19:02:22.750" endtime="20231129 19:02:23.901"/>
</kw>
<kw name="Input confirmpassword" library="register">
<arg>${confirmpassword}</arg>
<kw name="Input Text" library="SeleniumLibrary">
<arg>${confpaswd}</arg>
<arg>${confirmpassword}</arg>
<doc>Types the given ``text`` into the text field identified by ``locator``.</doc>
<msg timestamp="20231129 19:02:23.905" level="INFO">Typing text '123456Ab' into text field 'confirm_password'.</msg>
<status status="PASS" starttime="20231129 19:02:23.903" endtime="20231129 19:02:25.085"/>
</kw>
<status status="PASS" starttime="20231129 19:02:23.902" endtime="20231129 19:02:25.085"/>
</kw>
<kw name="Click Register" library="register">
<kw name="Click Button" library="SeleniumLibrary">
<arg>${btnregister}</arg>
<doc>Clicks the button identified by ``locator``.</doc>
<msg timestamp="20231129 19:02:25.088" level="INFO">Clicking button 'register'.</msg>
<status status="PASS" starttime="20231129 19:02:25.087" endtime="20231129 19:02:26.180"/>
</kw>
<status status="PASS" starttime="20231129 19:02:25.086" endtime="20231129 19:02:26.181"/>
</kw>
<kw name="Element Text Should Be" library="SeleniumLibrary">
<arg>${erorconfpaswd}</arg>
<arg>Password need to match</arg>
<doc>Verifies that element ``locator`` contains exact the text ``expected``.</doc>
<msg timestamp="20231129 19:02:26.184" level="INFO">Verifying element 'confirm_password-error' contains exact text 'Password need to match'.</msg>
<status status="PASS" starttime="20231129 19:02:26.183" endtime="20231129 19:02:26.869"/>
</kw>
<kw name="Finish" library="browser" type="TEARDOWN">
<kw name="Close Browser" library="SeleniumLibrary">
<doc>Closes the current browser.</doc>
<status status="PASS" starttime="20231129 19:02:26.871" endtime="20231129 19:02:29.382"/>
</kw>
<status status="PASS" starttime="20231129 19:02:26.870" endtime="20231129 19:02:29.383"/>
</kw>
<status status="PASS" starttime="20231129 19:02:13.028" endtime="20231129 19:02:29.384"/>
</test>
<status status="PASS" starttime="20231129 19:01:42.143" endtime="20231129 19:02:29.387"/>
</suite>
<suite id="s1-s2" name="negatifLogin" source="D:\BRICK\TestCases\negatifLogin.robot">
<test id="s1-s2-t1" name="Negatif fill out this field password">
<kw name="Start" library="browserLogin" type="SETUP">
<kw name="Open Browser" library="SeleniumLibrary">
<arg>https://qademo.onebrick.io/login</arg>
<arg>chrome</arg>
<doc>Opens a new browser instance to the optional ``url``.</doc>
<msg timestamp="20231129 19:02:29.423" level="INFO">Opening browser 'chrome' to base url 'https://qademo.onebrick.io/login'.</msg>
<status status="PASS" starttime="20231129 19:02:29.422" endtime="20231129 19:02:32.134"/>
</kw>
<kw name="Set Selenium Speed" library="SeleniumLibrary">
<arg>0.3</arg>
<doc>Sets the delay that is waited after each Selenium command.</doc>
<status status="PASS" starttime="20231129 19:02:32.135" endtime="20231129 19:02:32.135"/>
</kw>
<kw name="Reload Page" library="SeleniumLibrary">
<doc>Simulates user reloading page.</doc>
<status status="PASS" starttime="20231129 19:02:32.136" endtime="20231129 19:02:32.552"/>
</kw>
<kw name="Maximize Browser Window" library="SeleniumLibrary">
<doc>Maximizes current browser window.</doc>
<status status="PASS" starttime="20231129 19:02:32.552" endtime="20231129 19:02:32.988"/>
</kw>
<status status="PASS" starttime="20231129 19:02:29.421" endtime="20231129 19:02:32.988"/>
</kw>
<kw name="Input emailorusername" library="login">
<arg>${emailorusername}</arg>
<kw name="Input Text" library="SeleniumLibrary">
<arg>${username}</arg>
<arg>${emailorusername}</arg>
<doc>Types the given ``text`` into the text field identified by ``locator``.</doc>
<msg timestamp="20231129 19:02:32.995" level="INFO">Typing text 'test@gmail.com' into text field 'your_email'.</msg>
<status status="PASS" starttime="20231129 19:02:32.993" endtime="20231129 19:02:34.220"/>
</kw>
<status status="PASS" starttime="20231129 19:02:32.991" endtime="20231129 19:02:34.220"/>
</kw>
<kw name="Click Login" library="login">
<kw name="Click Button" library="SeleniumLibrary">
<arg>${btnlogin}</arg>
<doc>Clicks the button identified by ``locator``.</doc>
<msg timestamp="20231129 19:02:34.224" level="INFO">Clicking button 'login'.</msg>
<status status="PASS" starttime="20231129 19:02:34.223" endtime="20231129 19:02:35.317"/>
</kw>
<status status="PASS" starttime="20231129 19:02:34.221" endtime="20231129 19:02:35.318"/>
</kw>
<kw name="Sleep" library="BuiltIn">
<arg>${timer}</arg>
<doc>Pauses the test executed for the given time.</doc>
<msg timestamp="20231129 19:02:45.335" level="INFO">Slept 10 seconds</msg>
<status status="PASS" starttime="20231129 19:02:35.321" endtime="20231129 19:02:45.335"/>
</kw>
<kw name="Finish" library="browserLogin" type="TEARDOWN">
<kw name="Close Browser" library="SeleniumLibrary">
<doc>Closes the current browser.</doc>
<status status="PASS" starttime="20231129 19:02:45.337" endtime="20231129 19:02:47.838"/>
</kw>
<status status="PASS" starttime="20231129 19:02:45.336" endtime="20231129 19:02:47.838"/>
</kw>
<status status="PASS" starttime="20231129 19:02:29.419" endtime="20231129 19:02:47.839"/>
</test>
<test id="s1-s2-t2" name="Negatif fill out this field username">
<kw name="Start" library="browserLogin" type="SETUP">
<kw name="Open Browser" library="SeleniumLibrary">
<arg>https://qademo.onebrick.io/login</arg>
<arg>chrome</arg>
<doc>Opens a new browser instance to the optional ``url``.</doc>
<msg timestamp="20231129 19:02:47.845" level="INFO">Opening browser 'chrome' to base url 'https://qademo.onebrick.io/login'.</msg>
<status status="PASS" starttime="20231129 19:02:47.845" endtime="20231129 19:02:50.328"/>
</kw>
<kw name="Set Selenium Speed" library="SeleniumLibrary">
<arg>0.3</arg>
<doc>Sets the delay that is waited after each Selenium command.</doc>
<status status="PASS" starttime="20231129 19:02:50.328" endtime="20231129 19:02:50.330"/>
</kw>
<kw name="Reload Page" library="SeleniumLibrary">
<doc>Simulates user reloading page.</doc>
<status status="PASS" starttime="20231129 19:02:50.330" endtime="20231129 19:02:50.719"/>
</kw>
<kw name="Maximize Browser Window" library="SeleniumLibrary">
<doc>Maximizes current browser window.</doc>
<status status="PASS" starttime="20231129 19:02:50.719" endtime="20231129 19:02:51.160"/>
</kw>
<status status="PASS" starttime="20231129 19:02:47.843" endtime="20231129 19:02:51.160"/>
</kw>
<kw name="Input password" library="login">
<arg>${password}</arg>
<kw name="Input Text" library="SeleniumLibrary">
<arg>${paswd}</arg>
<arg>${password}</arg>
<doc>Types the given ``text`` into the text field identified by ``locator``.</doc>
<msg timestamp="20231129 19:02:51.164" level="INFO">Typing text '123465' into text field 'password'.</msg>
<status status="PASS" starttime="20231129 19:02:51.163" endtime="20231129 19:02:52.280"/>
</kw>
<status status="PASS" starttime="20231129 19:02:51.162" endtime="20231129 19:02:52.281"/>
</kw>
<kw name="Click Login" library="login">
<kw name="Click Button" library="SeleniumLibrary">
<arg>${btnlogin}</arg>
<doc>Clicks the button identified by ``locator``.</doc>
<msg timestamp="20231129 19:02:52.283" level="INFO">Clicking button 'login'.</msg>
<status status="PASS" starttime="20231129 19:02:52.282" endtime="20231129 19:02:53.340"/>
</kw>
<status status="PASS" starttime="20231129 19:02:52.281" endtime="20231129 19:02:53.340"/>
</kw>
<kw name="Sleep" library="BuiltIn">
<arg>${timer}</arg>
<doc>Pauses the test executed for the given time.</doc>
<msg timestamp="20231129 19:03:03.349" level="INFO">Slept 10 seconds</msg>
<status status="PASS" starttime="20231129 19:02:53.341" endtime="20231129 19:03:03.350"/>
</kw>
<kw name="Finish" library="browserLogin" type="TEARDOWN">
<kw name="Close Browser" library="SeleniumLibrary">
<doc>Closes the current browser.</doc>
<status status="PASS" starttime="20231129 19:03:03.352" endtime="20231129 19:03:05.867"/>
</kw>
<status status="PASS" starttime="20231129 19:03:03.351" endtime="20231129 19:03:05.867"/>
</kw>
<status status="PASS" starttime="20231129 19:02:47.841" endtime="20231129 19:03:05.869"/>
</test>
<test id="s1-s2-t3" name="Negatif wrong email or password">
<kw name="Start" library="browserLogin" type="SETUP">
<kw name="Open Browser" library="SeleniumLibrary">
<arg>https://qademo.onebrick.io/login</arg>
<arg>chrome</arg>
<doc>Opens a new browser instance to the optional ``url``.</doc>
<msg timestamp="20231129 19:03:05.874" level="INFO">Opening browser 'chrome' to base url 'https://qademo.onebrick.io/login'.</msg>
<status status="PASS" starttime="20231129 19:03:05.874" endtime="20231129 19:03:08.524"/>
</kw>
<kw name="Set Selenium Speed" library="SeleniumLibrary">
<arg>0.3</arg>
<doc>Sets the delay that is waited after each Selenium command.</doc>
<status status="PASS" starttime="20231129 19:03:08.524" endtime="20231129 19:03:08.525"/>
</kw>
<kw name="Reload Page" library="SeleniumLibrary">
<doc>Simulates user reloading page.</doc>
<status status="PASS" starttime="20231129 19:03:08.525" endtime="20231129 19:03:08.946"/>
</kw>
<kw name="Maximize Browser Window" library="SeleniumLibrary">
<doc>Maximizes current browser window.</doc>
<status status="PASS" starttime="20231129 19:03:08.947" endtime="20231129 19:03:09.383"/>
</kw>
<status status="PASS" starttime="20231129 19:03:05.873" endtime="20231129 19:03:09.384"/>
</kw>
<kw name="Input emailorusername" library="login">
<arg>${emailorusername}</arg>
<kw name="Input Text" library="SeleniumLibrary">
<arg>${username}</arg>
<arg>${emailorusername}</arg>
<doc>Types the given ``text`` into the text field identified by ``locator``.</doc>
<msg timestamp="20231129 19:03:09.389" level="INFO">Typing text 'test@gmail.com' into text field 'your_email'.</msg>
<status status="PASS" starttime="20231129 19:03:09.388" endtime="20231129 19:03:10.513"/>
</kw>
<status status="PASS" starttime="20231129 19:03:09.386" endtime="20231129 19:03:10.514"/>
</kw>
<kw name="Input password" library="login">
<arg>${password}</arg>
<kw name="Input Text" library="SeleniumLibrary">
<arg>${paswd}</arg>
<arg>${password}</arg>
<doc>Types the given ``text`` into the text field identified by ``locator``.</doc>
<msg timestamp="20231129 19:03:10.518" level="INFO">Typing text '123465' into text field 'password'.</msg>
<status status="PASS" starttime="20231129 19:03:10.517" endtime="20231129 19:03:11.638"/>
</kw>
<status status="PASS" starttime="20231129 19:03:10.515" endtime="20231129 19:03:11.638"/>
</kw>
<kw name="Click Login" library="login">
<kw name="Click Button" library="SeleniumLibrary">
<arg>${btnlogin}</arg>
<doc>Clicks the button identified by ``locator``.</doc>
<msg timestamp="20231129 19:03:11.643" level="INFO">Clicking button 'login'.</msg>
<status status="PASS" starttime="20231129 19:03:11.642" endtime="20231129 19:03:13.071"/>
</kw>
<status status="PASS" starttime="20231129 19:03:11.640" endtime="20231129 19:03:13.072"/>
</kw>
<kw name="Sleep" library="BuiltIn">
<arg>${timer}</arg>
<doc>Pauses the test executed for the given time.</doc>
<msg timestamp="20231129 19:03:23.087" level="INFO">Slept 10 seconds</msg>
<status status="PASS" starttime="20231129 19:03:13.073" endtime="20231129 19:03:23.087"/>
</kw>
<kw name="Element Text Should Be" library="SeleniumLibrary">
<arg>${error}</arg>
<arg>Wrong email or password</arg>
<doc>Verifies that element ``locator`` contains exact the text ``expected``.</doc>
<msg timestamp="20231129 19:03:23.090" level="INFO">Verifying element '//div[@class='swal2-html-container']' contains exact text 'Wrong email or password'.</msg>
<status status="PASS" starttime="20231129 19:03:23.089" endtime="20231129 19:03:23.767"/>
</kw>
<kw name="Finish" library="browserLogin" type="TEARDOWN">
<kw name="Close Browser" library="SeleniumLibrary">
<doc>Closes the current browser.</doc>
<status status="PASS" starttime="20231129 19:03:23.770" endtime="20231129 19:03:26.231"/>
</kw>
<status status="PASS" starttime="20231129 19:03:23.769" endtime="20231129 19:03:26.232"/>
</kw>
<status status="PASS" starttime="20231129 19:03:05.871" endtime="20231129 19:03:26.233"/>
</test>
<status status="PASS" starttime="20231129 19:02:29.393" endtime="20231129 19:03:26.235"/>
</suite>
<suite id="s1-s3" name="Positif" source="D:\BRICK\TestCases\positif.robot">
<test id="s1-s3-t1" name="Positif">
<kw name="Start" library="browser" type="SETUP">
<kw name="Open Browser" library="SeleniumLibrary">
<arg>https://qademo.onebrick.io/</arg>
<arg>chrome</arg>
<doc>Opens a new browser instance to the optional ``url``.</doc>
<msg timestamp="20231129 19:03:26.261" level="INFO">Opening browser 'chrome' to base url 'https://qademo.onebrick.io/'.</msg>
<status status="PASS" starttime="20231129 19:03:26.260" endtime="20231129 19:03:29.013"/>
</kw>
<kw name="Set Selenium Speed" library="SeleniumLibrary">
<arg>0.3</arg>
<doc>Sets the delay that is waited after each Selenium command.</doc>
<status status="PASS" starttime="20231129 19:03:29.014" endtime="20231129 19:03:29.014"/>
</kw>
<kw name="Reload Page" library="SeleniumLibrary">
<doc>Simulates user reloading page.</doc>
<status status="PASS" starttime="20231129 19:03:29.015" endtime="20231129 19:03:29.466"/>
</kw>
<kw name="Maximize Browser Window" library="SeleniumLibrary">
<doc>Maximizes current browser window.</doc>
<status status="PASS" starttime="20231129 19:03:29.467" endtime="20231129 19:03:29.920"/>
</kw>
<status status="PASS" starttime="20231129 19:03:26.259" endtime="20231129 19:03:29.921"/>
</kw>
<kw name="Input firstname" library="register">
<arg>${firstname}</arg>
<kw name="Input Text" library="SeleniumLibrary">
<arg>${fname}</arg>
<arg>${firstname}</arg>
<doc>Types the given ``text`` into the text field identified by ``locator``.</doc>
<msg timestamp="20231129 19:03:29.925" level="INFO">Typing text 'umaha' into text field 'firstName'.</msg>
<status status="PASS" starttime="20231129 19:03:29.924" endtime="20231129 19:03:31.094"/>
</kw>
<status status="PASS" starttime="20231129 19:03:29.922" endtime="20231129 19:03:31.096"/>
</kw>
<kw name="Input lastname" library="register">
<arg>${lastname}</arg>
<kw name="Input Text" library="SeleniumLibrary">
<arg>${lname}</arg>
<arg>${lastname}</arg>
<doc>Types the given ``text`` into the text field identified by ``locator``.</doc>
<msg timestamp="20231129 19:03:31.100" level="INFO">Typing text 'riyahin' into text field 'lastName'.</msg>
<status status="PASS" starttime="20231129 19:03:31.098" endtime="20231129 19:03:32.259"/>
</kw>
<status status="PASS" starttime="20231129 19:03:31.097" endtime="20231129 19:03:32.260"/>
</kw>
<kw name="Input email" library="register">
<arg>${email}</arg>
<kw name="Input Text" library="SeleniumLibrary">
<arg>${mail}</arg>
<arg>${email}</arg>
<doc>Types the given ``text`` into the text field identified by ``locator``.</doc>
<msg timestamp="20231129 19:03:32.262" level="INFO">Typing text 'duriyah@gmail.com' into text field 'email'.</msg>
<status status="PASS" starttime="20231129 19:03:32.262" endtime="20231129 19:03:33.399"/>
</kw>
<status status="PASS" starttime="20231129 19:03:32.261" endtime="20231129 19:03:33.400"/>
</kw>
<kw name="Input phonenumber" library="register">
<arg>${phonenumber}</arg>
<kw name="Input Text" library="SeleniumLibrary">
<arg>${phnumber}</arg>
<arg>${phonenumber}</arg>
<doc>Types the given ``text`` into the text field identified by ``locator``.</doc>
<msg timestamp="20231129 19:03:33.404" level="INFO">Typing text '5712897100' into text field 'phoneNumber'.</msg>
<status status="PASS" starttime="20231129 19:03:33.403" endtime="20231129 19:03:34.494"/>
</kw>
<status status="PASS" starttime="20231129 19:03:33.401" endtime="20231129 19:03:34.495"/>
</kw>
<kw name="Input address" library="register">
<arg>${addres}</arg>
<kw name="Input Text" library="SeleniumLibrary">
<arg>${adres}</arg>
<arg>${address}</arg>
<doc>Types the given ``text`` into the text field identified by ``locator``.</doc>
<msg timestamp="20231129 19:03:34.498" level="INFO">Typing text 'Jl.raya besar no 200' into text field 'address'.</msg>
<status status="PASS" starttime="20231129 19:03:34.497" endtime="20231129 19:03:35.669"/>
</kw>
<status status="PASS" starttime="20231129 19:03:34.496" endtime="20231129 19:03:35.669"/>
</kw>
<kw name="Input password" library="register">
<arg>${password}</arg>
<kw name="Input Text" library="SeleniumLibrary">
<arg>${paswd}</arg>
<arg>${password}</arg>
<doc>Types the given ``text`` into the text field identified by ``locator``.</doc>
<msg timestamp="20231129 19:03:35.674" level="INFO">Typing text '123456A' into text field 'password'.</msg>
<status status="PASS" starttime="20231129 19:03:35.673" endtime="20231129 19:03:36.799"/>
</kw>
<status status="PASS" starttime="20231129 19:03:35.671" endtime="20231129 19:03:36.800"/>
</kw>
<kw name="Input confirmpassword" library="register">
<arg>${confirmpassword}</arg>
<kw name="Input Text" library="SeleniumLibrary">
<arg>${confpaswd}</arg>
<arg>${confirmpassword}</arg>
<doc>Types the given ``text`` into the text field identified by ``locator``.</doc>
<msg timestamp="20231129 19:03:36.804" level="INFO">Typing text '123456A' into text field 'confirm_password'.</msg>
<status status="PASS" starttime="20231129 19:03:36.802" endtime="20231129 19:03:37.941"/>
</kw>
<status status="PASS" starttime="20231129 19:03:36.801" endtime="20231129 19:03:37.942"/>
</kw>
<kw name="Click Register" library="register">
<kw name="Click Button" library="SeleniumLibrary">
<arg>${btnregister}</arg>
<doc>Clicks the button identified by ``locator``.</doc>
<msg timestamp="20231129 19:03:37.946" level="INFO">Clicking button 'register'.</msg>
<status status="PASS" starttime="20231129 19:03:37.945" endtime="20231129 19:03:40.398"/>
</kw>
<status status="PASS" starttime="20231129 19:03:37.944" endtime="20231129 19:03:40.399"/>
</kw>
<kw name="Sleep" library="BuiltIn">
<arg>${timer}</arg>
<doc>Pauses the test executed for the given time.</doc>
<msg timestamp="20231129 19:03:50.407" level="INFO">Slept 10 seconds</msg>
<status status="PASS" starttime="20231129 19:03:40.401" endtime="20231129 19:03:50.407"/>
</kw>
<kw name="Element Text Should Be" library="SeleniumLibrary">
<arg>${verify}</arg>
<arg>Success</arg>
<doc>Verifies that element ``locator`` contains exact the text ``expected``.</doc>
<msg timestamp="20231129 19:03:50.409" level="INFO">Verifying element '//h2[@class='swal2-title']' contains exact text 'Success'.</msg>
<status status="PASS" starttime="20231129 19:03:50.408" endtime="20231129 19:03:51.081"/>
</kw>
<kw name="Finish" library="browser" type="TEARDOWN">
<kw name="Close Browser" library="SeleniumLibrary">
<doc>Closes the current browser.</doc>
<status status="PASS" starttime="20231129 19:03:51.084" endtime="20231129 19:03:53.534"/>
</kw>
<status status="PASS" starttime="20231129 19:03:51.083" endtime="20231129 19:03:53.535"/>
</kw>
<status status="PASS" starttime="20231129 19:03:26.257" endtime="20231129 19:03:53.536"/>
</test>
<status status="PASS" starttime="20231129 19:03:26.240" endtime="20231129 19:03:53.540"/>
</suite>
<suite id="s1-s4" name="positifLogin" source="D:\BRICK\TestCases\positifLogin.robot">
<test id="s1-s4-t1" name="Positif Login">
<kw name="Start" library="browserLogin" type="SETUP">
<kw name="Open Browser" library="SeleniumLibrary">
<arg>https://qademo.onebrick.io/login</arg>
<arg>chrome</arg>
<doc>Opens a new browser instance to the optional ``url``.</doc>
<msg timestamp="20231129 19:03:53.567" level="INFO">Opening browser 'chrome' to base url 'https://qademo.onebrick.io/login'.</msg>
<status status="PASS" starttime="20231129 19:03:53.566" endtime="20231129 19:03:56.788"/>
</kw>
<kw name="Set Selenium Speed" library="SeleniumLibrary">
<arg>0.3</arg>
<doc>Sets the delay that is waited after each Selenium command.</doc>
<status status="PASS" starttime="20231129 19:03:56.789" endtime="20231129 19:03:56.790"/>
</kw>
<kw name="Reload Page" library="SeleniumLibrary">
<doc>Simulates user reloading page.</doc>
<status status="PASS" starttime="20231129 19:03:56.791" endtime="20231129 19:03:57.205"/>
</kw>
<kw name="Maximize Browser Window" library="SeleniumLibrary">
<doc>Maximizes current browser window.</doc>
<status status="PASS" starttime="20231129 19:03:57.206" endtime="20231129 19:03:57.637"/>
</kw>
<status status="PASS" starttime="20231129 19:03:53.565" endtime="20231129 19:03:57.637"/>
</kw>
<kw name="Input emailorusername" library="login">
<arg>${emailorusername}</arg>
<kw name="Input Text" library="SeleniumLibrary">
<arg>${username}</arg>
<arg>${emailorusername}</arg>
<doc>Types the given ``text`` into the text field identified by ``locator``.</doc>
<msg timestamp="20231129 19:03:57.640" level="INFO">Typing text 'test@gmail.com' into text field 'your_email'.</msg>
<status status="PASS" starttime="20231129 19:03:57.639" endtime="20231129 19:03:59.270"/>
</kw>
<status status="PASS" starttime="20231129 19:03:57.638" endtime="20231129 19:03:59.271"/>
</kw>
<kw name="Input password" library="login">
<arg>${password}</arg>
<kw name="Input Text" library="SeleniumLibrary">
<arg>${paswd}</arg>
<arg>${password}</arg>
<doc>Types the given ``text`` into the text field identified by ``locator``.</doc>
<msg timestamp="20231129 19:03:59.284" level="INFO">Typing text '123456' into text field 'password'.</msg>
<status status="PASS" starttime="20231129 19:03:59.282" endtime="20231129 19:04:00.407"/>
</kw>
<status status="PASS" starttime="20231129 19:03:59.281" endtime="20231129 19:04:00.408"/>
</kw>
<kw name="Click Login" library="login">
<kw name="Click Button" library="SeleniumLibrary">
<arg>${btnlogin}</arg>
<doc>Clicks the button identified by ``locator``.</doc>
<msg timestamp="20231129 19:04:00.411" level="INFO">Clicking button 'login'.</msg>
<status status="PASS" starttime="20231129 19:04:00.410" endtime="20231129 19:04:01.897"/>
</kw>
<status status="PASS" starttime="20231129 19:04:00.409" endtime="20231129 19:04:01.898"/>
</kw>
<kw name="Sleep" library="BuiltIn">
<arg>${timer}</arg>
<doc>Pauses the test executed for the given time.</doc>
<msg timestamp="20231129 19:04:11.916" level="INFO">Slept 10 seconds</msg>
<status status="PASS" starttime="20231129 19:04:01.899" endtime="20231129 19:04:11.917"/>
</kw>
<kw name="Element Text Should Be" library="SeleniumLibrary">
<arg>${verify}</arg>
<arg>Success</arg>
<doc>Verifies that element ``locator`` contains exact the text ``expected``.</doc>
<msg timestamp="20231129 19:04:11.918" level="INFO">Verifying element '//h2[@class='swal2-title']' contains exact text 'Success'.</msg>
<status status="PASS" starttime="20231129 19:04:11.917" endtime="20231129 19:04:12.594"/>
</kw>
<kw name="Finish" library="browserLogin" type="TEARDOWN">
<kw name="Close Browser" library="SeleniumLibrary">
<doc>Closes the current browser.</doc>
<status status="PASS" starttime="20231129 19:04:12.597" endtime="20231129 19:04:15.090"/>
</kw>
<status status="PASS" starttime="20231129 19:04:12.596" endtime="20231129 19:04:15.091"/>
</kw>
<status status="PASS" starttime="20231129 19:03:53.563" endtime="20231129 19:04:15.091"/>
</test>
<status status="PASS" starttime="20231129 19:03:53.545" endtime="20231129 19:04:15.096"/>
</suite>
<status status="PASS" starttime="20231129 19:01:42.116" endtime="20231129 19:04:15.103"/>
</suite>
<statistics>
<total>
<stat pass="8" fail="0" skip="0">All Tests</stat>
</total>
<tag>
</tag>
<suite>
<stat pass="8" fail="0" skip="0" id="s1" name="Negatif &amp; negatifLogin &amp; Positif &amp; positifLogin">Negatif &amp; negatifLogin &amp; Positif &amp; positifLogin</stat>
<stat pass="3" fail="0" skip="0" id="s1-s1" name="Negatif">Negatif &amp; negatifLogin &amp; Positif &amp; positifLogin.Negatif</stat>
<stat pass="3" fail="0" skip="0" id="s1-s2" name="negatifLogin">Negatif &amp; negatifLogin &amp; Positif &amp; positifLogin.negatifLogin</stat>
<stat pass="1" fail="0" skip="0" id="s1-s3" name="Positif">Negatif &amp; negatifLogin &amp; Positif &amp; positifLogin.Positif</stat>
<stat pass="1" fail="0" skip="0" id="s1-s4" name="positifLogin">Negatif &amp; negatifLogin &amp; Positif &amp; positifLogin.positifLogin</stat>
</suite>
</statistics>
<errors>
</errors>
</robot>
